Determining if the pthread_create exist failed with the following output:
Change Dir: /home/isi/2017_ws/src/pi_speech_tutorial/build/CMakeFiles/CMakeTmp

Run Build Command:/usr/bin/make "cmTryCompileExec3693082690/fast"
make[1]: 正在进入目录 `/home/isi/2017_ws/src/pi_speech_tutorial/build/CMakeFiles/CMakeTmp'
/usr/bin/make -f CMakeFiles/cmTryCompileExec3693082690.dir/build.make CMakeFiles/cmTryCompileExec3693082690.dir/build
make[2]: 正在进入目录 `/home/isi/2017_ws/src/pi_speech_tutorial/build/CMakeFiles/CMakeTmp'
/usr/bin/cmake -E cmake_progress_report /home/isi/2017_ws/src/pi_speech_tutorial/build/CMakeFiles/CMakeTmp/CMakeFiles 1
Building C object CMakeFiles/cmTryCompileExec3693082690.dir/CheckSymbolExists.c.o
/usr/bin/cc    -o CMakeFiles/cmTryCompileExec3693082690.dir/CheckSymbolExists.c.o   -c /home/isi/2017_ws/src/pi_speech_tutorial/build/CMakeFiles/CMakeTmp/CheckSymbolExists.c
Linking C executable cmTryCompileExec3693082690
/usr/bin/cmake -E cmake_link_script CMakeFiles/cmTryCompileExec3693082690.dir/link.txt --verbose=1
/usr/bin/cc       CMakeFiles/cmTryCompileExec3693082690.dir/CheckSymbolExists.c.o  -o cmTryCompileExec3693082690 -rdynamic 
CMakeFiles/cmTryCompileExec3693082690.dir/CheckSymbolExists.c.o：在函数‘main’中：
CheckSymbolExists.c:(.text+0x16)：对‘pthread_create’未定义的引用
collect2: error: ld returned 1 exit status
make[2]:正在离开目录 `/home/isi/2017_ws/src/pi_speech_tutorial/build/CMakeFiles/CMakeTmp'
make[2]: *** [cmTryCompileExec3693082690] 错误 1
make[1]:正在离开目录 `/home/isi/2017_ws/src/pi_speech_tutorial/build/CMakeFiles/CMakeTmp'
make[1]: *** [cmTryCompileExec3693082690/fast] 错误 2

File /home/isi/2017_ws/src/pi_speech_tutorial/build/CMakeFiles/CMakeTmp/CheckSymbolExists.c:
/* */
#include <pthread.h>

int main(int argc, char** argv)
{
  (void)argv;
#ifndef pthread_create
  return ((int*)(&pthread_create))[argc];
#else
  (void)argc;
  return 0;
#endif
}

Determining if the function pthread_create exists in the pthreads failed with the following output:
Change Dir: /home/isi/2017_ws/src/pi_speech_tutorial/build/CMakeFiles/CMakeTmp

Run Build Command:/usr/bin/make "cmTryCompileExec1683103988/fast"
make[1]: 正在进入目录 `/home/isi/2017_ws/src/pi_speech_tutorial/build/CMakeFiles/CMakeTmp'
/usr/bin/make -f CMakeFiles/cmTryCompileExec1683103988.dir/build.make CMakeFiles/cmTryCompileExec1683103988.dir/build
make[2]: 正在进入目录 `/home/isi/2017_ws/src/pi_speech_tutorial/build/CMakeFiles/CMakeTmp'
/usr/bin/cmake -E cmake_progress_report /home/isi/2017_ws/src/pi_speech_tutorial/build/CMakeFiles/CMakeTmp/CMakeFiles 1
Building C object CMakeFiles/cmTryCompileExec1683103988.dir/CheckFunctionExists.c.o
/usr/bin/cc   -DCHECK_FUNCTION_EXISTS=pthread_create   -o CMakeFiles/cmTryCompileExec1683103988.dir/CheckFunctionExists.c.o   -c /usr/share/cmake-2.8/Modules/CheckFunctionExists.c
Linking C executable cmTryCompileExec1683103988
/usr/bin/cmake -E cmake_link_script CMakeFiles/cmTryCompileExec1683103988.dir/link.txt --verbose=1
/usr/bin/cc   -DCHECK_FUNCTION_EXISTS=pthread_create    CMakeFiles/cmTryCompileExec1683103988.dir/CheckFunctionExists.c.o  -o cmTryCompileExec1683103988 -rdynamic -lpthreads 
/usr/bin/ld: 找不到 -lpthreads
collect2: error: ld returned 1 exit status
make[2]: *** [cmTryCompileExec1683103988] 错误 1
make[2]:正在离开目录 `/home/isi/2017_ws/src/pi_speech_tutorial/build/CMakeFiles/CMakeTmp'
make[1]: *** [cmTryCompileExec1683103988/fast] 错误 2
make[1]:正在离开目录 `/home/isi/2017_ws/src/pi_speech_tutorial/build/CMakeFiles/CMakeTmp'


